2023-02-17 22:53:31,171 [Worker-1: Loading available Gradle versions] INFO  o.e.b.c.i.u.g.PublishedGradleVersions - Gradle version information cache is up-to-date. Trying to read.
2023-02-17 22:54:55,586 [Worker-5: Importing Maven projects] INFO  o.e.m.c.i.l.LifecycleMappingFactory - Using org.eclipse.m2e.jdt.JarLifecycleMapping lifecycle mapping for MavenProject: com.bankservice.mindstix:BankService:0.0.1-SNAPSHOT @ C:\Users\Babalu Kumar\2022-q3\Microservice\BankService\BankService\pom.xml.
2023-02-17 22:54:56,411 [Worker-5: Importing Maven projects] INFO  o.e.m.j.i.AbstractJavaProjectConfigurator - Adding source folder /BankService/src/main/java
2023-02-17 22:54:56,411 [Worker-5: Importing Maven projects] INFO  o.e.m.j.i.AbstractJavaProjectConfigurator - Adding resource folder /BankService/src/main/resources
2023-02-17 22:54:56,415 [Worker-5: Importing Maven projects] INFO  o.e.m.j.i.AbstractJavaProjectConfigurator - Adding resource folder /BankService/src/main/resources
2023-02-17 22:54:56,418 [Worker-5: Importing Maven projects] INFO  o.e.m.j.i.AbstractJavaProjectConfigurator - Adding source folder /BankService/src/test/java
2023-02-17 22:54:58,172 [Worker-6: Download sources and javadoc] INFO  o.e.m.c.i.e.AbstractTransferListenerAdapter - Downloading https://repo.maven.apache.org/maven2/org/postgresql/postgresql/42.5.1/postgresql-42.5.1-sources.jar
2023-02-17 22:54:59,880 [Worker-5: Importing Maven projects] INFO  o.e.m.c.i.p.ProjectConfigurationManager - Imported and configured 1 project(s) in 5 sec
2023-02-17 22:55:19,721 [Worker-6: Download sources and javadoc] INFO  o.e.m.c.i.e.AbstractTransferListenerAdapter - Downloaded https://repo.maven.apache.org/maven2/org/postgresql/postgresql/42.5.1/postgresql-42.5.1-sources.jar
2023-02-17 22:55:19,728 [Worker-6: Download sources and javadoc] INFO  o.e.m.j.internal.DownloadSourcesJob - Downloaded sources for org.postgresql:postgresql:42.5.1
2023-02-17 22:55:20,054 [Worker-6: Download sources and javadoc] INFO  o.e.m.c.i.e.AbstractTransferListenerAdapter - Downloading https://repo.maven.apache.org/maven2/org/checkerframework/checker-qual/3.5.0/checker-qual-3.5.0-sources.jar
2023-02-17 22:55:20,858 [Worker-6: Download sources and javadoc] INFO  o.e.m.c.i.e.AbstractTransferListenerAdapter - Downloaded https://repo.maven.apache.org/maven2/org/checkerframework/checker-qual/3.5.0/checker-qual-3.5.0-sources.jar
2023-02-17 22:55:20,861 [Worker-6: Download sources and javadoc] INFO  o.e.m.j.internal.DownloadSourcesJob - Downloaded sources for org.checkerframework:checker-qual:3.5.0
2023-02-17 22:59:33,339 [Worker-3: Building] INFO  o.e.m.c.i.l.LifecycleMappingFactory - Using org.eclipse.m2e.jdt.JarLifecycleMapping lifecycle mapping for MavenProject: com.bankservice.mindstix:BankService:0.0.1-SNAPSHOT @ C:\Users\Babalu Kumar\2022-q3\Microservice\BankService\BankService\pom.xml.
2023-02-17 22:59:33,732 [Worker-3: Building] INFO  o.a.m.s.f.DefaultMavenResourcesFiltering - Copying 0 resource
2023-02-17 22:59:33,732 [Worker-3: Building] INFO  o.a.m.s.f.DefaultMavenResourcesFiltering - Copying 0 resource
2023-02-17 22:59:33,737 [Worker-3: Building] INFO  o.a.m.s.f.DefaultMavenResourcesFiltering - skip non existing resourceDirectory C:\Users\Babalu Kumar\2022-q3\Microservice\BankService\BankService\src\test\resources
2023-02-17 22:59:35,197 [Worker-11: Building] INFO  o.a.m.s.f.DefaultMavenResourcesFiltering - Copying 2 resources
2023-02-17 22:59:35,219 [Worker-11: Building] INFO  o.a.m.s.f.DefaultMavenResourcesFiltering - Copying 1 resource
2023-02-17 22:59:35,225 [Worker-11: Building] INFO  o.a.m.s.f.DefaultMavenResourcesFiltering - skip non existing resourceDirectory C:\Users\Babalu Kumar\2022-q3\Microservice\BankService\BankService\src\test\resources
2023-02-17 23:00:31,147 [Worker-2: Building] INFO  o.e.m.c.i.l.LifecycleMappingFactory - Using org.eclipse.m2e.jdt.JarLifecycleMapping lifecycle mapping for MavenProject: com.bankservice.mindstix:BankService:0.0.1-SNAPSHOT @ C:\Users\Babalu Kumar\2022-q3\Microservice\BankService\BankService\pom.xml.
2023-02-17 23:00:31,470 [Worker-2: Building] INFO  o.a.m.s.f.DefaultMavenResourcesFiltering - Copying 0 resource
2023-02-17 23:00:31,470 [Worker-2: Building] INFO  o.a.m.s.f.DefaultMavenResourcesFiltering - Copying 0 resource
2023-02-17 23:00:31,473 [Worker-2: Building] INFO  o.a.m.s.f.DefaultMavenResourcesFiltering - skip non existing resourceDirectory C:\Users\Babalu Kumar\2022-q3\Microservice\BankService\BankService\src\test\resources
2023-02-17 23:00:32,631 [Worker-4: Building] INFO  o.a.m.s.f.DefaultMavenResourcesFiltering - Copying 2 resources
2023-02-17 23:00:32,651 [Worker-4: Building] INFO  o.a.m.s.f.DefaultMavenResourcesFiltering - Copying 1 resource
2023-02-17 23:00:32,656 [Worker-4: Building] INFO  o.a.m.s.f.DefaultMavenResourcesFiltering - skip non existing resourceDirectory C:\Users\Babalu Kumar\2022-q3\Microservice\BankService\BankService\src\test\resources
2023-02-17 23:03:51,097 [main] INFO  o.e.m2e.actions.ExecutePomAction - Creating new launch configuration
2023-02-17 23:04:05,088 [Worker-9: Launching BankService] INFO  o.eclipse.m2e.core.internal.Bundles - getClasspathEntries(Bundle=org.eclipse.m2e.maven.runtime_3.8.604.20221130-2149 [345])
2023-02-17 23:04:05,092 [Worker-9: Launching BankService] INFO  o.eclipse.m2e.core.internal.Bundles - 	Entry: C:\Users\Babalu Kumar\Downloads\sts-4.17.1.RELEASE\plugins\org.eclipse.m2e.maven.runtime_3.8.604.20221130-2149
2023-02-17 23:04:05,092 [Worker-9: Launching BankService] INFO  o.eclipse.m2e.core.internal.Bundles - 	Entry: C:\Users\Babalu Kumar\Downloads\sts-4.17.1.RELEASE\plugins\org.eclipse.m2e.maven.runtime_3.8.604.20221130-2149\jars\aether-connector-okhttp-0.17.8.jar
2023-02-17 23:04:05,094 [Worker-9: Launching BankService] INFO  o.eclipse.m2e.core.internal.Bundles - 	Entry: C:\Users\Babalu Kumar\Downloads\sts-4.17.1.RELEASE\plugins\org.eclipse.m2e.maven.runtime_3.8.604.20221130-2149\jars\commons-cli-1.4.jar
2023-02-17 23:04:05,094 [Worker-9: Launching BankService] INFO  o.eclipse.m2e.core.internal.Bundles - 	Entry: C:\Users\Babalu Kumar\Downloads\sts-4.17.1.RELEASE\plugins\org.eclipse.m2e.maven.runtime_3.8.604.20221130-2149\jars\commons-io-2.6.jar
2023-02-17 23:04:05,094 [Worker-9: Launching BankService] INFO  o.eclipse.m2e.core.internal.Bundles - 	Entry: C:\Users\Babalu Kumar\Downloads\sts-4.17.1.RELEASE\plugins\org.eclipse.m2e.maven.runtime_3.8.604.20221130-2149\jars\commons-lang3-3.8.1.jar
2023-02-17 23:04:05,094 [Worker-9: Launching BankService] INFO  o.eclipse.m2e.core.internal.Bundles - 	Entry: C:\Users\Babalu Kumar\Downloads\sts-4.17.1.RELEASE\plugins\org.eclipse.m2e.maven.runtime_3.8.604.20221130-2149\jars\guice-4.2.2-no_aop.jar
2023-02-17 23:04:05,094 [Worker-9: Launching BankService] INFO  o.eclipse.m2e.core.internal.Bundles - 	Entry: C:\Users\Babalu Kumar\Downloads\sts-4.17.1.RELEASE\plugins\org.eclipse.m2e.maven.runtime_3.8.604.20221130-2149\jars\jansi-2.4.0.jar
2023-02-17 23:04:05,095 [Worker-9: Launching BankService] INFO  o.eclipse.m2e.core.internal.Bundles - 	Entry: C:\Users\Babalu Kumar\Downloads\sts-4.17.1.RELEASE\plugins\org.eclipse.m2e.maven.runtime_3.8.604.20221130-2149\jars\maven-artifact-3.8.6.jar
2023-02-17 23:04:05,095 [Worker-9: Launching BankService] INFO  o.eclipse.m2e.core.internal.Bundles - 	Entry: C:\Users\Babalu Kumar\Downloads\sts-4.17.1.RELEASE\plugins\org.eclipse.m2e.maven.runtime_3.8.604.20221130-2149\jars\maven-builder-support-3.8.6.jar
2023-02-17 23:04:05,095 [Worker-9: Launching BankService] INFO  o.eclipse.m2e.core.internal.Bundles - 	Entry: C:\Users\Babalu Kumar\Downloads\sts-4.17.1.RELEASE\plugins\org.eclipse.m2e.maven.runtime_3.8.604.20221130-2149\jars\maven-compat-3.8.6.jar
2023-02-17 23:04:05,095 [Worker-9: Launching BankService] INFO  o.eclipse.m2e.core.internal.Bundles - 	Entry: C:\Users\Babalu Kumar\Downloads\sts-4.17.1.RELEASE\plugins\org.eclipse.m2e.maven.runtime_3.8.604.20221130-2149\jars\maven-core-3.8.6.jar
2023-02-17 23:04:05,096 [Worker-9: Launching BankService] INFO  o.eclipse.m2e.core.internal.Bundles - 	Entry: C:\Users\Babalu Kumar\Downloads\sts-4.17.1.RELEASE\plugins\org.eclipse.m2e.maven.runtime_3.8.604.20221130-2149\jars\maven-embedder-3.8.6.jar
2023-02-17 23:04:05,096 [Worker-9: Launching BankService] INFO  o.eclipse.m2e.core.internal.Bundles - 	Entry: C:\Users\Babalu Kumar\Downloads\sts-4.17.1.RELEASE\plugins\org.eclipse.m2e.maven.runtime_3.8.604.20221130-2149\jars\maven-model-3.8.6.jar
2023-02-17 23:04:05,096 [Worker-9: Launching BankService] INFO  o.eclipse.m2e.core.internal.Bundles - 	Entry: C:\Users\Babalu Kumar\Downloads\sts-4.17.1.RELEASE\plugins\org.eclipse.m2e.maven.runtime_3.8.604.20221130-2149\jars\maven-model-builder-3.8.6.jar
2023-02-17 23:04:05,096 [Worker-9: Launching BankService] INFO  o.eclipse.m2e.core.internal.Bundles - 	Entry: C:\Users\Babalu Kumar\Downloads\sts-4.17.1.RELEASE\plugins\org.eclipse.m2e.maven.runtime_3.8.604.20221130-2149\jars\maven-plugin-api-3.8.6.jar
2023-02-17 23:04:05,097 [Worker-9: Launching BankService] INFO  o.eclipse.m2e.core.internal.Bundles - 	Entry: C:\Users\Babalu Kumar\Downloads\sts-4.17.1.RELEASE\plugins\org.eclipse.m2e.maven.runtime_3.8.604.20221130-2149\jars\maven-repository-metadata-3.8.6.jar
2023-02-17 23:04:05,097 [Worker-9: Launching BankService] INFO  o.eclipse.m2e.core.internal.Bundles - 	Entry: C:\Users\Babalu Kumar\Downloads\sts-4.17.1.RELEASE\plugins\org.eclipse.m2e.maven.runtime_3.8.604.20221130-2149\jars\maven-resolver-api-1.6.3.jar
2023-02-17 23:04:05,097 [Worker-9: Launching BankService] INFO  o.eclipse.m2e.core.internal.Bundles - 	Entry: C:\Users\Babalu Kumar\Downloads\sts-4.17.1.RELEASE\plugins\org.eclipse.m2e.maven.runtime_3.8.604.20221130-2149\jars\maven-resolver-connector-basic-1.6.3.jar
2023-02-17 23:04:05,097 [Worker-9: Launching BankService] INFO  o.eclipse.m2e.core.internal.Bundles - 	Entry: C:\Users\Babalu Kumar\Downloads\sts-4.17.1.RELEASE\plugins\org.eclipse.m2e.maven.runtime_3.8.604.20221130-2149\jars\maven-resolver-impl-1.6.3.jar
2023-02-17 23:04:05,098 [Worker-9: Launching BankService] INFO  o.eclipse.m2e.core.internal.Bundles - 	Entry: C:\Users\Babalu Kumar\Downloads\sts-4.17.1.RELEASE\plugins\org.eclipse.m2e.maven.runtime_3.8.604.20221130-2149\jars\maven-resolver-provider-3.8.6.jar
2023-02-17 23:04:05,098 [Worker-9: Launching BankService] INFO  o.eclipse.m2e.core.internal.Bundles - 	Entry: C:\Users\Babalu Kumar\Downloads\sts-4.17.1.RELEASE\plugins\org.eclipse.m2e.maven.runtime_3.8.604.20221130-2149\jars\maven-resolver-spi-1.6.3.jar
2023-02-17 23:04:05,098 [Worker-9: Launching BankService] INFO  o.eclipse.m2e.core.internal.Bundles - 	Entry: C:\Users\Babalu Kumar\Downloads\sts-4.17.1.RELEASE\plugins\org.eclipse.m2e.maven.runtime_3.8.604.20221130-2149\jars\maven-resolver-transport-wagon-1.6.3.jar
2023-02-17 23:04:05,098 [Worker-9: Launching BankService] INFO  o.eclipse.m2e.core.internal.Bundles - 	Entry: C:\Users\Babalu Kumar\Downloads\sts-4.17.1.RELEASE\plugins\org.eclipse.m2e.maven.runtime_3.8.604.20221130-2149\jars\maven-resolver-util-1.6.3.jar
2023-02-17 23:04:05,098 [Worker-9: Launching BankService] INFO  o.eclipse.m2e.core.internal.Bundles - 	Entry: C:\Users\Babalu Kumar\Downloads\sts-4.17.1.RELEASE\plugins\org.eclipse.m2e.maven.runtime_3.8.604.20221130-2149\jars\maven-settings-3.8.6.jar
2023-02-17 23:04:05,098 [Worker-9: Launching BankService] INFO  o.eclipse.m2e.core.internal.Bundles - 	Entry: C:\Users\Babalu Kumar\Downloads\sts-4.17.1.RELEASE\plugins\org.eclipse.m2e.maven.runtime_3.8.604.20221130-2149\jars\maven-settings-builder-3.8.6.jar
2023-02-17 23:04:05,098 [Worker-9: Launching BankService] INFO  o.eclipse.m2e.core.internal.Bundles - 	Entry: C:\Users\Babalu Kumar\Downloads\sts-4.17.1.RELEASE\plugins\org.eclipse.m2e.maven.runtime_3.8.604.20221130-2149\jars\maven-shared-utils-3.3.4.jar
2023-02-17 23:04:05,098 [Worker-9: Launching BankService] INFO  o.eclipse.m2e.core.internal.Bundles - 	Entry: C:\Users\Babalu Kumar\Downloads\sts-4.17.1.RELEASE\plugins\org.eclipse.m2e.maven.runtime_3.8.604.20221130-2149\jars\okhttp-3.14.1.jar
2023-02-17 23:04:05,098 [Worker-9: Launching BankService] INFO  o.eclipse.m2e.core.internal.Bundles - 	Entry: C:\Users\Babalu Kumar\Downloads\sts-4.17.1.RELEASE\plugins\org.eclipse.m2e.maven.runtime_3.8.604.20221130-2149\jars\okio-1.17.3.jar
2023-02-17 23:04:05,098 [Worker-9: Launching BankService] INFO  o.eclipse.m2e.core.internal.Bundles - 	Entry: C:\Users\Babalu Kumar\Downloads\sts-4.17.1.RELEASE\plugins\org.eclipse.m2e.maven.runtime_3.8.604.20221130-2149\jars\org.eclipse.sisu.inject-0.3.5.jar
2023-02-17 23:04:05,099 [Worker-9: Launching BankService] INFO  o.eclipse.m2e.core.internal.Bundles - 	Entry: C:\Users\Babalu Kumar\Downloads\sts-4.17.1.RELEASE\plugins\org.eclipse.m2e.maven.runtime_3.8.604.20221130-2149\jars\org.eclipse.sisu.plexus-0.3.5.jar
2023-02-17 23:04:05,099 [Worker-9: Launching BankService] INFO  o.eclipse.m2e.core.internal.Bundles - 	Entry: C:\Users\Babalu Kumar\Downloads\sts-4.17.1.RELEASE\plugins\org.eclipse.m2e.maven.runtime_3.8.604.20221130-2149\jars\plexus-build-api-0.0.7.jar
2023-02-17 23:04:05,099 [Worker-9: Launching BankService] INFO  o.eclipse.m2e.core.internal.Bundles - 	Entry: C:\Users\Babalu Kumar\Downloads\sts-4.17.1.RELEASE\plugins\org.eclipse.m2e.maven.runtime_3.8.604.20221130-2149\jars\plexus-cipher-2.0.jar
2023-02-17 23:04:05,099 [Worker-9: Launching BankService] INFO  o.eclipse.m2e.core.internal.Bundles - 	Entry: C:\Users\Babalu Kumar\Downloads\sts-4.17.1.RELEASE\plugins\org.eclipse.m2e.maven.runtime_3.8.604.20221130-2149\jars\plexus-classworlds-2.6.0.jar
2023-02-17 23:04:05,099 [Worker-9: Launching BankService] INFO  o.eclipse.m2e.core.internal.Bundles - 	Entry: C:\Users\Babalu Kumar\Downloads\sts-4.17.1.RELEASE\plugins\org.eclipse.m2e.maven.runtime_3.8.604.20221130-2149\jars\plexus-component-annotations-2.1.0.jar
2023-02-17 23:04:05,099 [Worker-9: Launching BankService] INFO  o.eclipse.m2e.core.internal.Bundles - 	Entry: C:\Users\Babalu Kumar\Downloads\sts-4.17.1.RELEASE\plugins\org.eclipse.m2e.maven.runtime_3.8.604.20221130-2149\jars\plexus-interpolation-1.26.jar
2023-02-17 23:04:05,100 [Worker-9: Launching BankService] INFO  o.eclipse.m2e.core.internal.Bundles - 	Entry: C:\Users\Babalu Kumar\Downloads\sts-4.17.1.RELEASE\plugins\org.eclipse.m2e.maven.runtime_3.8.604.20221130-2149\jars\plexus-sec-dispatcher-2.0.jar
2023-02-17 23:04:05,100 [Worker-9: Launching BankService] INFO  o.eclipse.m2e.core.internal.Bundles - 	Entry: C:\Users\Babalu Kumar\Downloads\sts-4.17.1.RELEASE\plugins\org.eclipse.m2e.maven.runtime_3.8.604.20221130-2149\jars\plexus-utils-3.3.1.jar
2023-02-17 23:04:05,100 [Worker-9: Launching BankService] INFO  o.eclipse.m2e.core.internal.Bundles - 	Entry: C:\Users\Babalu Kumar\Downloads\sts-4.17.1.RELEASE\plugins\org.eclipse.m2e.maven.runtime_3.8.604.20221130-2149\jars\wagon-file-3.5.1.jar
2023-02-17 23:04:05,100 [Worker-9: Launching BankService] INFO  o.eclipse.m2e.core.internal.Bundles - 	Entry: C:\Users\Babalu Kumar\Downloads\sts-4.17.1.RELEASE\plugins\org.eclipse.m2e.maven.runtime_3.8.604.20221130-2149\jars\wagon-provider-api-3.5.1.jar
2023-02-17 23:04:05,101 [Worker-9: Launching BankService] INFO  o.eclipse.m2e.core.internal.Bundles - getClasspathEntries(Bundle=com.google.guava_30.1.0.v20221112-0806 [22])
2023-02-17 23:04:05,103 [Worker-9: Launching BankService] INFO  o.eclipse.m2e.core.internal.Bundles - 	Entry: C:\Users\Babalu Kumar\Downloads\sts-4.17.1.RELEASE\plugins\com.google.guava_30.1.0.v20221112-0806.jar
2023-02-17 23:04:05,104 [Worker-9: Launching BankService] INFO  o.eclipse.m2e.core.internal.Bundles - getClasspathEntries(Bundle=slf4j.api_1.7.36 [584])
2023-02-17 23:04:05,105 [Worker-9: Launching BankService] INFO  o.eclipse.m2e.core.internal.Bundles - 	Entry: C:\Users\Babalu Kumar\Downloads\sts-4.17.1.RELEASE\plugins\slf4j.api_1.7.36.jar
2023-02-17 23:04:05,105 [Worker-9: Launching BankService] INFO  o.eclipse.m2e.core.internal.Bundles - getClasspathEntries(Bundle=javax.inject_1.0.0.v20220405-0441 [49])
2023-02-17 23:04:05,106 [Worker-9: Launching BankService] INFO  o.eclipse.m2e.core.internal.Bundles - 	Entry: C:\Users\Babalu Kumar\Downloads\sts-4.17.1.RELEASE\plugins\javax.inject_1.0.0.v20220405-0441.jar
2023-02-17 23:04:05,106 [Worker-9: Launching BankService] INFO  o.eclipse.m2e.core.internal.Bundles - getClasspathEntries(Bundle=javax.annotation_1.3.5.v20221112-0806 [47])
2023-02-17 23:04:05,107 [Worker-9: Launching BankService] INFO  o.eclipse.m2e.core.internal.Bundles - 	Entry: C:\Users\Babalu Kumar\Downloads\sts-4.17.1.RELEASE\plugins\javax.annotation_1.3.5.v20221112-0806.jar
2023-02-17 23:04:05,111 [Worker-9: Launching BankService] INFO  o.e.m.i.launch.MavenLaunchDelegate - Run build in "C:\Users\Babalu Kumar\2022-q3\Microservice\BankService\BankService":
2023-02-17 23:04:05,112 [Worker-9: Launching BankService] INFO  o.e.m.i.launch.MavenLaunchDelegate -  mvn  -Ptest -B -Dstyle.color=always test
2023-02-17 23:12:10,532 [Worker-2: Loading available Gradle versions] INFO  o.e.b.c.i.u.g.PublishedGradleVersions - Gradle version information cache is up-to-date. Trying to read.
2023-02-17 23:12:13,950 [Worker-6: Building] INFO  o.a.m.s.f.DefaultMavenResourcesFiltering - Copying 2 resources
2023-02-17 23:12:13,969 [Worker-6: Building] INFO  o.a.m.s.f.DefaultMavenResourcesFiltering - Copying 1 resource
2023-02-17 23:12:13,979 [Worker-6: Building] INFO  o.a.m.s.f.DefaultMavenResourcesFiltering - skip non existing resourceDirectory C:\Users\Babalu Kumar\2022-q3\Microservice\BankService\BankService\src\test\resources
2023-02-17 23:12:31,736 [Worker-11: Building] INFO  o.a.m.s.f.DefaultMavenResourcesFiltering - Copying 1 resource
2023-02-17 23:12:31,754 [Worker-11: Building] INFO  o.a.m.s.f.DefaultMavenResourcesFiltering - Copying 0 resource
2023-02-17 23:12:31,759 [Worker-11: Building] INFO  o.a.m.s.f.DefaultMavenResourcesFiltering - skip non existing resourceDirectory C:\Users\Babalu Kumar\2022-q3\Microservice\BankService\BankService\src\test\resources
2023-02-17 23:12:36,481 [Worker-6: Launching BankService] INFO  o.eclipse.m2e.core.internal.Bundles - getClasspathEntries(Bundle=org.eclipse.m2e.maven.runtime_3.8.604.20221130-2149 [345])
2023-02-17 23:12:36,485 [Worker-6: Launching BankService] INFO  o.eclipse.m2e.core.internal.Bundles - 	Entry: C:\Users\Babalu Kumar\Downloads\sts-4.17.1.RELEASE\plugins\org.eclipse.m2e.maven.runtime_3.8.604.20221130-2149
2023-02-17 23:12:36,485 [Worker-6: Launching BankService] INFO  o.eclipse.m2e.core.internal.Bundles - 	Entry: C:\Users\Babalu Kumar\Downloads\sts-4.17.1.RELEASE\plugins\org.eclipse.m2e.maven.runtime_3.8.604.20221130-2149\jars\aether-connector-okhttp-0.17.8.jar
2023-02-17 23:12:36,485 [Worker-6: Launching BankService] INFO  o.eclipse.m2e.core.internal.Bundles - 	Entry: C:\Users\Babalu Kumar\Downloads\sts-4.17.1.RELEASE\plugins\org.eclipse.m2e.maven.runtime_3.8.604.20221130-2149\jars\commons-cli-1.4.jar
2023-02-17 23:12:36,485 [Worker-6: Launching BankService] INFO  o.eclipse.m2e.core.internal.Bundles - 	Entry: C:\Users\Babalu Kumar\Downloads\sts-4.17.1.RELEASE\plugins\org.eclipse.m2e.maven.runtime_3.8.604.20221130-2149\jars\commons-io-2.6.jar
2023-02-17 23:12:36,485 [Worker-6: Launching BankService] INFO  o.eclipse.m2e.core.internal.Bundles - 	Entry: C:\Users\Babalu Kumar\Downloads\sts-4.17.1.RELEASE\plugins\org.eclipse.m2e.maven.runtime_3.8.604.20221130-2149\jars\commons-lang3-3.8.1.jar
2023-02-17 23:12:36,485 [Worker-6: Launching BankService] INFO  o.eclipse.m2e.core.internal.Bundles - 	Entry: C:\Users\Babalu Kumar\Downloads\sts-4.17.1.RELEASE\plugins\org.eclipse.m2e.maven.runtime_3.8.604.20221130-2149\jars\guice-4.2.2-no_aop.jar
2023-02-17 23:12:36,486 [Worker-6: Launching BankService] INFO  o.eclipse.m2e.core.internal.Bundles - 	Entry: C:\Users\Babalu Kumar\Downloads\sts-4.17.1.RELEASE\plugins\org.eclipse.m2e.maven.runtime_3.8.604.20221130-2149\jars\jansi-2.4.0.jar
2023-02-17 23:12:36,486 [Worker-6: Launching BankService] INFO  o.eclipse.m2e.core.internal.Bundles - 	Entry: C:\Users\Babalu Kumar\Downloads\sts-4.17.1.RELEASE\plugins\org.eclipse.m2e.maven.runtime_3.8.604.20221130-2149\jars\maven-artifact-3.8.6.jar
2023-02-17 23:12:36,486 [Worker-6: Launching BankService] INFO  o.eclipse.m2e.core.internal.Bundles - 	Entry: C:\Users\Babalu Kumar\Downloads\sts-4.17.1.RELEASE\plugins\org.eclipse.m2e.maven.runtime_3.8.604.20221130-2149\jars\maven-builder-support-3.8.6.jar
2023-02-17 23:12:36,486 [Worker-6: Launching BankService] INFO  o.eclipse.m2e.core.internal.Bundles - 	Entry: C:\Users\Babalu Kumar\Downloads\sts-4.17.1.RELEASE\plugins\org.eclipse.m2e.maven.runtime_3.8.604.20221130-2149\jars\maven-compat-3.8.6.jar
2023-02-17 23:12:36,486 [Worker-6: Launching BankService] INFO  o.eclipse.m2e.core.internal.Bundles - 	Entry: C:\Users\Babalu Kumar\Downloads\sts-4.17.1.RELEASE\plugins\org.eclipse.m2e.maven.runtime_3.8.604.20221130-2149\jars\maven-core-3.8.6.jar
2023-02-17 23:12:36,486 [Worker-6: Launching BankService] INFO  o.eclipse.m2e.core.internal.Bundles - 	Entry: C:\Users\Babalu Kumar\Downloads\sts-4.17.1.RELEASE\plugins\org.eclipse.m2e.maven.runtime_3.8.604.20221130-2149\jars\maven-embedder-3.8.6.jar
2023-02-17 23:12:36,486 [Worker-6: Launching BankService] INFO  o.eclipse.m2e.core.internal.Bundles - 	Entry: C:\Users\Babalu Kumar\Downloads\sts-4.17.1.RELEASE\plugins\org.eclipse.m2e.maven.runtime_3.8.604.20221130-2149\jars\maven-model-3.8.6.jar
2023-02-17 23:12:36,486 [Worker-6: Launching BankService] INFO  o.eclipse.m2e.core.internal.Bundles - 	Entry: C:\Users\Babalu Kumar\Downloads\sts-4.17.1.RELEASE\plugins\org.eclipse.m2e.maven.runtime_3.8.604.20221130-2149\jars\maven-model-builder-3.8.6.jar
2023-02-17 23:12:36,486 [Worker-6: Launching BankService] INFO  o.eclipse.m2e.core.internal.Bundles - 	Entry: C:\Users\Babalu Kumar\Downloads\sts-4.17.1.RELEASE\plugins\org.eclipse.m2e.maven.runtime_3.8.604.20221130-2149\jars\maven-plugin-api-3.8.6.jar
2023-02-17 23:12:36,487 [Worker-6: Launching BankService] INFO  o.eclipse.m2e.core.internal.Bundles - 	Entry: C:\Users\Babalu Kumar\Downloads\sts-4.17.1.RELEASE\plugins\org.eclipse.m2e.maven.runtime_3.8.604.20221130-2149\jars\maven-repository-metadata-3.8.6.jar
2023-02-17 23:12:36,487 [Worker-6: Launching BankService] INFO  o.eclipse.m2e.core.internal.Bundles - 	Entry: C:\Users\Babalu Kumar\Downloads\sts-4.17.1.RELEASE\plugins\org.eclipse.m2e.maven.runtime_3.8.604.20221130-2149\jars\maven-resolver-api-1.6.3.jar
2023-02-17 23:12:36,487 [Worker-6: Launching BankService] INFO  o.eclipse.m2e.core.internal.Bundles - 	Entry: C:\Users\Babalu Kumar\Downloads\sts-4.17.1.RELEASE\plugins\org.eclipse.m2e.maven.runtime_3.8.604.20221130-2149\jars\maven-resolver-connector-basic-1.6.3.jar
2023-02-17 23:12:36,487 [Worker-6: Launching BankService] INFO  o.eclipse.m2e.core.internal.Bundles - 	Entry: C:\Users\Babalu Kumar\Downloads\sts-4.17.1.RELEASE\plugins\org.eclipse.m2e.maven.runtime_3.8.604.20221130-2149\jars\maven-resolver-impl-1.6.3.jar
2023-02-17 23:12:36,487 [Worker-6: Launching BankService] INFO  o.eclipse.m2e.core.internal.Bundles - 	Entry: C:\Users\Babalu Kumar\Downloads\sts-4.17.1.RELEASE\plugins\org.eclipse.m2e.maven.runtime_3.8.604.20221130-2149\jars\maven-resolver-provider-3.8.6.jar
2023-02-17 23:12:36,487 [Worker-6: Launching BankService] INFO  o.eclipse.m2e.core.internal.Bundles - 	Entry: C:\Users\Babalu Kumar\Downloads\sts-4.17.1.RELEASE\plugins\org.eclipse.m2e.maven.runtime_3.8.604.20221130-2149\jars\maven-resolver-spi-1.6.3.jar
2023-02-17 23:12:36,487 [Worker-6: Launching BankService] INFO  o.eclipse.m2e.core.internal.Bundles - 	Entry: C:\Users\Babalu Kumar\Downloads\sts-4.17.1.RELEASE\plugins\org.eclipse.m2e.maven.runtime_3.8.604.20221130-2149\jars\maven-resolver-transport-wagon-1.6.3.jar
2023-02-17 23:12:36,487 [Worker-6: Launching BankService] INFO  o.eclipse.m2e.core.internal.Bundles - 	Entry: C:\Users\Babalu Kumar\Downloads\sts-4.17.1.RELEASE\plugins\org.eclipse.m2e.maven.runtime_3.8.604.20221130-2149\jars\maven-resolver-util-1.6.3.jar
2023-02-17 23:12:36,488 [Worker-6: Launching BankService] INFO  o.eclipse.m2e.core.internal.Bundles - 	Entry: C:\Users\Babalu Kumar\Downloads\sts-4.17.1.RELEASE\plugins\org.eclipse.m2e.maven.runtime_3.8.604.20221130-2149\jars\maven-settings-3.8.6.jar
2023-02-17 23:12:36,488 [Worker-6: Launching BankService] INFO  o.eclipse.m2e.core.internal.Bundles - 	Entry: C:\Users\Babalu Kumar\Downloads\sts-4.17.1.RELEASE\plugins\org.eclipse.m2e.maven.runtime_3.8.604.20221130-2149\jars\maven-settings-builder-3.8.6.jar
2023-02-17 23:12:36,488 [Worker-6: Launching BankService] INFO  o.eclipse.m2e.core.internal.Bundles - 	Entry: C:\Users\Babalu Kumar\Downloads\sts-4.17.1.RELEASE\plugins\org.eclipse.m2e.maven.runtime_3.8.604.20221130-2149\jars\maven-shared-utils-3.3.4.jar
2023-02-17 23:12:36,488 [Worker-6: Launching BankService] INFO  o.eclipse.m2e.core.internal.Bundles - 	Entry: C:\Users\Babalu Kumar\Downloads\sts-4.17.1.RELEASE\plugins\org.eclipse.m2e.maven.runtime_3.8.604.20221130-2149\jars\okhttp-3.14.1.jar
2023-02-17 23:12:36,488 [Worker-6: Launching BankService] INFO  o.eclipse.m2e.core.internal.Bundles - 	Entry: C:\Users\Babalu Kumar\Downloads\sts-4.17.1.RELEASE\plugins\org.eclipse.m2e.maven.runtime_3.8.604.20221130-2149\jars\okio-1.17.3.jar
2023-02-17 23:12:36,488 [Worker-6: Launching BankService] INFO  o.eclipse.m2e.core.internal.Bundles - 	Entry: C:\Users\Babalu Kumar\Downloads\sts-4.17.1.RELEASE\plugins\org.eclipse.m2e.maven.runtime_3.8.604.20221130-2149\jars\org.eclipse.sisu.inject-0.3.5.jar
2023-02-17 23:12:36,488 [Worker-6: Launching BankService] INFO  o.eclipse.m2e.core.internal.Bundles - 	Entry: C:\Users\Babalu Kumar\Downloads\sts-4.17.1.RELEASE\plugins\org.eclipse.m2e.maven.runtime_3.8.604.20221130-2149\jars\org.eclipse.sisu.plexus-0.3.5.jar
2023-02-17 23:12:36,488 [Worker-6: Launching BankService] INFO  o.eclipse.m2e.core.internal.Bundles - 	Entry: C:\Users\Babalu Kumar\Downloads\sts-4.17.1.RELEASE\plugins\org.eclipse.m2e.maven.runtime_3.8.604.20221130-2149\jars\plexus-build-api-0.0.7.jar
2023-02-17 23:12:36,488 [Worker-6: Launching BankService] INFO  o.eclipse.m2e.core.internal.Bundles - 	Entry: C:\Users\Babalu Kumar\Downloads\sts-4.17.1.RELEASE\plugins\org.eclipse.m2e.maven.runtime_3.8.604.20221130-2149\jars\plexus-cipher-2.0.jar
2023-02-17 23:12:36,489 [Worker-6: Launching BankService] INFO  o.eclipse.m2e.core.internal.Bundles - 	Entry: C:\Users\Babalu Kumar\Downloads\sts-4.17.1.RELEASE\plugins\org.eclipse.m2e.maven.runtime_3.8.604.20221130-2149\jars\plexus-classworlds-2.6.0.jar
2023-02-17 23:12:36,489 [Worker-6: Launching BankService] INFO  o.eclipse.m2e.core.internal.Bundles - 	Entry: C:\Users\Babalu Kumar\Downloads\sts-4.17.1.RELEASE\plugins\org.eclipse.m2e.maven.runtime_3.8.604.20221130-2149\jars\plexus-component-annotations-2.1.0.jar
2023-02-17 23:12:36,489 [Worker-6: Launching BankService] INFO  o.eclipse.m2e.core.internal.Bundles - 	Entry: C:\Users\Babalu Kumar\Downloads\sts-4.17.1.RELEASE\plugins\org.eclipse.m2e.maven.runtime_3.8.604.20221130-2149\jars\plexus-interpolation-1.26.jar
2023-02-17 23:12:36,489 [Worker-6: Launching BankService] INFO  o.eclipse.m2e.core.internal.Bundles - 	Entry: C:\Users\Babalu Kumar\Downloads\sts-4.17.1.RELEASE\plugins\org.eclipse.m2e.maven.runtime_3.8.604.20221130-2149\jars\plexus-sec-dispatcher-2.0.jar
2023-02-17 23:12:36,489 [Worker-6: Launching BankService] INFO  o.eclipse.m2e.core.internal.Bundles - 	Entry: C:\Users\Babalu Kumar\Downloads\sts-4.17.1.RELEASE\plugins\org.eclipse.m2e.maven.runtime_3.8.604.20221130-2149\jars\plexus-utils-3.3.1.jar
2023-02-17 23:12:36,489 [Worker-6: Launching BankService] INFO  o.eclipse.m2e.core.internal.Bundles - 	Entry: C:\Users\Babalu Kumar\Downloads\sts-4.17.1.RELEASE\plugins\org.eclipse.m2e.maven.runtime_3.8.604.20221130-2149\jars\wagon-file-3.5.1.jar
2023-02-17 23:12:36,489 [Worker-6: Launching BankService] INFO  o.eclipse.m2e.core.internal.Bundles - 	Entry: C:\Users\Babalu Kumar\Downloads\sts-4.17.1.RELEASE\plugins\org.eclipse.m2e.maven.runtime_3.8.604.20221130-2149\jars\wagon-provider-api-3.5.1.jar
2023-02-17 23:12:36,490 [Worker-6: Launching BankService] INFO  o.eclipse.m2e.core.internal.Bundles - getClasspathEntries(Bundle=com.google.guava_30.1.0.v20221112-0806 [22])
2023-02-17 23:12:36,491 [Worker-6: Launching BankService] INFO  o.eclipse.m2e.core.internal.Bundles - 	Entry: C:\Users\Babalu Kumar\Downloads\sts-4.17.1.RELEASE\plugins\com.google.guava_30.1.0.v20221112-0806.jar
2023-02-17 23:12:36,491 [Worker-6: Launching BankService] INFO  o.eclipse.m2e.core.internal.Bundles - getClasspathEntries(Bundle=slf4j.api_1.7.36 [584])
2023-02-17 23:12:36,492 [Worker-6: Launching BankService] INFO  o.eclipse.m2e.core.internal.Bundles - 	Entry: C:\Users\Babalu Kumar\Downloads\sts-4.17.1.RELEASE\plugins\slf4j.api_1.7.36.jar
2023-02-17 23:12:36,492 [Worker-6: Launching BankService] INFO  o.eclipse.m2e.core.internal.Bundles - getClasspathEntries(Bundle=javax.inject_1.0.0.v20220405-0441 [49])
2023-02-17 23:12:36,493 [Worker-6: Launching BankService] INFO  o.eclipse.m2e.core.internal.Bundles - 	Entry: C:\Users\Babalu Kumar\Downloads\sts-4.17.1.RELEASE\plugins\javax.inject_1.0.0.v20220405-0441.jar
2023-02-17 23:12:36,493 [Worker-6: Launching BankService] INFO  o.eclipse.m2e.core.internal.Bundles - getClasspathEntries(Bundle=javax.annotation_1.3.5.v20221112-0806 [47])
2023-02-17 23:12:36,493 [Worker-6: Launching BankService] INFO  o.eclipse.m2e.core.internal.Bundles - 	Entry: C:\Users\Babalu Kumar\Downloads\sts-4.17.1.RELEASE\plugins\javax.annotation_1.3.5.v20221112-0806.jar
2023-02-17 23:12:36,501 [Worker-6: Launching BankService] INFO  o.e.m.i.launch.MavenLaunchDelegate - Run build in "C:\Users\Babalu Kumar\2022-q3\Microservice\BankService\BankService":
2023-02-17 23:12:36,504 [Worker-6: Launching BankService] INFO  o.e.m.i.launch.MavenLaunchDelegate -  mvn  -Ptest -B -Dstyle.color=always test
2023-02-17 23:20:57,671 [Worker-15: Building] INFO  o.a.m.s.f.DefaultMavenResourcesFiltering - Copying 1 resource
2023-02-17 23:20:57,691 [Worker-15: Building] INFO  o.a.m.s.f.DefaultMavenResourcesFiltering - Copying 0 resource
2023-02-17 23:20:57,696 [Worker-15: Building] INFO  o.a.m.s.f.DefaultMavenResourcesFiltering - skip non existing resourceDirectory C:\Users\Babalu Kumar\2022-q3\Microservice\BankService\BankService\src\test\resources
2023-02-17 23:24:12,694 [Worker-17: Building] INFO  o.a.m.s.f.DefaultMavenResourcesFiltering - Copying 2 resources
2023-02-17 23:24:12,702 [Worker-17: Building] INFO  o.a.m.s.f.DefaultMavenResourcesFiltering - Copying 1 resource
2023-02-17 23:24:12,706 [Worker-17: Building] INFO  o.a.m.s.f.DefaultMavenResourcesFiltering - skip non existing resourceDirectory C:\Users\Babalu Kumar\2022-q3\Microservice\BankService\BankService\src\test\resources
2023-02-17 23:31:51,250 [Worker-29: Building] INFO  o.e.m.c.i.l.LifecycleMappingFactory - Using org.eclipse.m2e.jdt.JarLifecycleMapping lifecycle mapping for MavenProject: com.bankservice.mindstix:BankService:0.0.1-SNAPSHOT @ C:\Users\Babalu Kumar\2022-q3\Microservice\BankService\BankService\pom.xml.
2023-02-17 23:31:51,920 [AetherRepositoryConnector-repo.maven.apache.org-0-0] INFO  o.e.m.c.i.e.AbstractTransferListenerAdapter - Downloading https://repo.maven.apache.org/maven2/org/springframework/boot/spring-boot-starter-data-rest/3.0.2/spring-boot-starter-data-rest-3.0.2.jar
2023-02-17 23:31:51,920 [AetherRepositoryConnector-repo.maven.apache.org-0-2] INFO  o.e.m.c.i.e.AbstractTransferListenerAdapter - Downloading https://repo.maven.apache.org/maven2/org/springframework/data/spring-data-rest-core/4.0.1/spring-data-rest-core-4.0.1.jar
2023-02-17 23:31:51,953 [AetherRepositoryConnector-repo.maven.apache.org-0-4] INFO  o.e.m.c.i.e.AbstractTransferListenerAdapter - Downloading https://repo.maven.apache.org/maven2/org/springframework/plugin/spring-plugin-core/3.0.0/spring-plugin-core-3.0.0.jar
2023-02-17 23:31:51,953 [AetherRepositoryConnector-repo.maven.apache.org-0-3] INFO  o.e.m.c.i.e.AbstractTransferListenerAdapter - Downloading https://repo.maven.apache.org/maven2/org/springframework/hateoas/spring-hateoas/2.0.1/spring-hateoas-2.0.1.jar
2023-02-17 23:31:51,953 [AetherRepositoryConnector-repo.maven.apache.org-0-1] INFO  o.e.m.c.i.e.AbstractTransferListenerAdapter - Downloading https://repo.maven.apache.org/maven2/org/springframework/data/spring-data-rest-webmvc/4.0.1/spring-data-rest-webmvc-4.0.1.jar
2023-02-17 23:31:52,052 [AetherRepositoryConnector-repo.maven.apache.org-0-0] INFO  o.e.m.c.i.e.AbstractTransferListenerAdapter - Downloaded https://repo.maven.apache.org/maven2/org/springframework/boot/spring-boot-starter-data-rest/3.0.2/spring-boot-starter-data-rest-3.0.2.jar
2023-02-17 23:31:52,292 [AetherRepositoryConnector-repo.maven.apache.org-0-0] INFO  o.e.m.c.i.e.AbstractTransferListenerAdapter - Downloading https://repo.maven.apache.org/maven2/org/atteo/evo-inflector/1.3/evo-inflector-1.3.jar
2023-02-17 23:31:52,398 [AetherRepositoryConnector-repo.maven.apache.org-0-4] INFO  o.e.m.c.i.e.AbstractTransferListenerAdapter - Downloaded https://repo.maven.apache.org/maven2/org/springframework/plugin/spring-plugin-core/3.0.0/spring-plugin-core-3.0.0.jar
2023-02-17 23:31:52,401 [AetherRepositoryConnector-repo.maven.apache.org-0-2] INFO  o.e.m.c.i.e.AbstractTransferListenerAdapter - Downloaded https://repo.maven.apache.org/maven2/org/springframework/data/spring-data-rest-core/4.0.1/spring-data-rest-core-4.0.1.jar
2023-02-17 23:31:52,553 [AetherRepositoryConnector-repo.maven.apache.org-0-0] INFO  o.e.m.c.i.e.AbstractTransferListenerAdapter - Downloaded https://repo.maven.apache.org/maven2/org/atteo/evo-inflector/1.3/evo-inflector-1.3.jar
2023-02-17 23:31:52,896 [AetherRepositoryConnector-repo.maven.apache.org-0-1] INFO  o.e.m.c.i.e.AbstractTransferListenerAdapter - Downloaded https://repo.maven.apache.org/maven2/org/springframework/data/spring-data-rest-webmvc/4.0.1/spring-data-rest-webmvc-4.0.1.jar
2023-02-17 23:31:52,983 [AetherRepositoryConnector-repo.maven.apache.org-0-3] INFO  o.e.m.c.i.e.AbstractTransferListenerAdapter - Downloaded https://repo.maven.apache.org/maven2/org/springframework/hateoas/spring-hateoas/2.0.1/spring-hateoas-2.0.1.jar
2023-02-17 23:31:53,229 [Worker-29: Building] INFO  o.a.m.s.f.DefaultMavenResourcesFiltering - Copying 0 resource
2023-02-17 23:31:53,229 [Worker-29: Building] INFO  o.a.m.s.f.DefaultMavenResourcesFiltering - Copying 0 resource
2023-02-17 23:31:53,235 [Worker-29: Building] INFO  o.a.m.s.f.DefaultMavenResourcesFiltering - skip non existing resourceDirectory C:\Users\Babalu Kumar\2022-q3\Microservice\BankService\BankService\src\test\resources
2023-02-17 23:31:54,479 [Worker-31: Download sources and javadoc] INFO  o.e.m.c.i.e.AbstractTransferListenerAdapter - Downloading https://repo.maven.apache.org/maven2/org/springframework/boot/spring-boot-starter-data-rest/3.0.2/spring-boot-starter-data-rest-3.0.2-sources.jar
2023-02-17 23:31:54,559 [Worker-31: Download sources and javadoc] INFO  o.e.m.c.i.e.AbstractTransferListenerAdapter - Downloaded https://repo.maven.apache.org/maven2/org/springframework/boot/spring-boot-starter-data-rest/3.0.2/spring-boot-starter-data-rest-3.0.2-sources.jar
2023-02-17 23:31:54,563 [Worker-31: Download sources and javadoc] INFO  o.e.m.j.internal.DownloadSourcesJob - Downloaded sources for org.springframework.boot:spring-boot-starter-data-rest:3.0.2
2023-02-17 23:31:54,693 [Worker-31: Download sources and javadoc] INFO  o.e.m.c.i.e.AbstractTransferListenerAdapter - Downloading https://repo.maven.apache.org/maven2/org/springframework/data/spring-data-rest-webmvc/4.0.1/spring-data-rest-webmvc-4.0.1-sources.jar
2023-02-17 23:31:54,710 [Worker-24: Building] INFO  o.a.m.s.f.DefaultMavenResourcesFiltering - Copying 2 resources
2023-02-17 23:31:54,727 [Worker-24: Building] INFO  o.a.m.s.f.DefaultMavenResourcesFiltering - Copying 1 resource
2023-02-17 23:31:54,731 [Worker-24: Building] INFO  o.a.m.s.f.DefaultMavenResourcesFiltering - skip non existing resourceDirectory C:\Users\Babalu Kumar\2022-q3\Microservice\BankService\BankService\src\test\resources
2023-02-17 23:31:54,922 [Worker-31: Download sources and javadoc] INFO  o.e.m.c.i.e.AbstractTransferListenerAdapter - Downloaded https://repo.maven.apache.org/maven2/org/springframework/data/spring-data-rest-webmvc/4.0.1/spring-data-rest-webmvc-4.0.1-sources.jar
2023-02-17 23:31:54,925 [Worker-31: Download sources and javadoc] INFO  o.e.m.j.internal.DownloadSourcesJob - Downloaded sources for org.springframework.data:spring-data-rest-webmvc:4.0.1
2023-02-17 23:31:55,066 [Worker-31: Download sources and javadoc] INFO  o.e.m.c.i.e.AbstractTransferListenerAdapter - Downloading https://repo.maven.apache.org/maven2/org/springframework/data/spring-data-rest-core/4.0.1/spring-data-rest-core-4.0.1-sources.jar
2023-02-17 23:31:55,256 [Worker-31: Download sources and javadoc] INFO  o.e.m.c.i.e.AbstractTransferListenerAdapter - Downloaded https://repo.maven.apache.org/maven2/org/springframework/data/spring-data-rest-core/4.0.1/spring-data-rest-core-4.0.1-sources.jar
2023-02-17 23:31:55,259 [Worker-31: Download sources and javadoc] INFO  o.e.m.j.internal.DownloadSourcesJob - Downloaded sources for org.springframework.data:spring-data-rest-core:4.0.1
2023-02-17 23:31:55,875 [Worker-27: Building] INFO  o.a.m.s.f.DefaultMavenResourcesFiltering - Copying 2 resources
2023-02-17 23:31:55,878 [Worker-27: Building] INFO  o.a.m.s.f.DefaultMavenResourcesFiltering - Copying 1 resource
2023-02-17 23:31:55,883 [Worker-27: Building] INFO  o.a.m.s.f.DefaultMavenResourcesFiltering - skip non existing resourceDirectory C:\Users\Babalu Kumar\2022-q3\Microservice\BankService\BankService\src\test\resources
2023-02-17 23:31:56,396 [Worker-31: Download sources and javadoc] INFO  o.e.m.c.i.e.AbstractTransferListenerAdapter - Downloading https://repo.maven.apache.org/maven2/org/springframework/hateoas/spring-hateoas/2.0.1/spring-hateoas-2.0.1-sources.jar
2023-02-17 23:31:56,704 [Worker-31: Download sources and javadoc] INFO  o.e.m.c.i.e.AbstractTransferListenerAdapter - Downloaded https://repo.maven.apache.org/maven2/org/springframework/hateoas/spring-hateoas/2.0.1/spring-hateoas-2.0.1-sources.jar
2023-02-17 23:31:56,706 [Worker-31: Download sources and javadoc] INFO  o.e.m.j.internal.DownloadSourcesJob - Downloaded sources for org.springframework.hateoas:spring-hateoas:2.0.1
2023-02-17 23:31:56,934 [Worker-31: Download sources and javadoc] INFO  o.e.m.c.i.e.AbstractTransferListenerAdapter - Downloading https://repo.maven.apache.org/maven2/org/springframework/plugin/spring-plugin-core/3.0.0/spring-plugin-core-3.0.0-sources.jar
2023-02-17 23:31:57,057 [Worker-31: Download sources and javadoc] INFO  o.e.m.c.i.e.AbstractTransferListenerAdapter - Downloaded https://repo.maven.apache.org/maven2/org/springframework/plugin/spring-plugin-core/3.0.0/spring-plugin-core-3.0.0-sources.jar
2023-02-17 23:31:57,060 [Worker-31: Download sources and javadoc] INFO  o.e.m.j.internal.DownloadSourcesJob - Downloaded sources for org.springframework.plugin:spring-plugin-core:3.0.0
2023-02-17 23:31:57,175 [Worker-31: Download sources and javadoc] INFO  o.e.m.c.i.e.AbstractTransferListenerAdapter - Downloading https://repo.maven.apache.org/maven2/org/atteo/evo-inflector/1.3/evo-inflector-1.3-sources.jar
2023-02-17 23:31:57,235 [Worker-31: Download sources and javadoc] INFO  o.e.m.c.i.e.AbstractTransferListenerAdapter - Downloaded https://repo.maven.apache.org/maven2/org/atteo/evo-inflector/1.3/evo-inflector-1.3-sources.jar
2023-02-17 23:31:57,238 [Worker-31: Download sources and javadoc] INFO  o.e.m.j.internal.DownloadSourcesJob - Downloaded sources for org.atteo:evo-inflector:1.3
2023-02-17 23:31:57,883 [Worker-31: Building] INFO  o.a.m.s.f.DefaultMavenResourcesFiltering - Copying 0 resource
2023-02-17 23:31:57,883 [Worker-31: Building] INFO  o.a.m.s.f.DefaultMavenResourcesFiltering - Copying 0 resource
2023-02-17 23:31:57,887 [Worker-31: Building] INFO  o.a.m.s.f.DefaultMavenResourcesFiltering - skip non existing resourceDirectory C:\Users\Babalu Kumar\2022-q3\Microservice\BankService\BankService\src\test\resources
2023-02-17 23:32:08,655 [Worker-32: Building] INFO  o.a.m.s.f.DefaultMavenResourcesFiltering - Copying 2 resources
2023-02-17 23:32:08,695 [Worker-32: Building] INFO  o.a.m.s.f.DefaultMavenResourcesFiltering - Copying 1 resource
2023-02-17 23:32:08,699 [Worker-32: Building] INFO  o.a.m.s.f.DefaultMavenResourcesFiltering - skip non existing resourceDirectory C:\Users\Babalu Kumar\2022-q3\Microservice\BankService\BankService\src\test\resources
2023-02-17 23:32:51,014 [Worker-24: Launching Executing install in C__Users_Babalu Kumar_2022-q3_Microservice_BankService_BankService] INFO  o.e.m.i.launch.MavenLaunchDelegate - Run build in "C:\Users\Babalu Kumar\2022-q3\Microservice\BankService\BankService":
2023-02-17 23:32:51,015 [Worker-24: Launching Executing install in C__Users_Babalu Kumar_2022-q3_Microservice_BankService_BankService] INFO  o.e.m.i.launch.MavenLaunchDelegate -  mvn  -B -Dstyle.color=always install
2023-02-17 23:33:04,337 [Worker-32: Building] INFO  o.a.m.s.f.DefaultMavenResourcesFiltering - Copying 0 resource
2023-02-17 23:33:04,338 [Worker-32: Building] INFO  o.a.m.s.f.DefaultMavenResourcesFiltering - Copying 0 resource
2023-02-17 23:33:04,340 [Worker-32: Building] INFO  o.a.m.s.f.DefaultMavenResourcesFiltering - skip non existing resourceDirectory C:\Users\Babalu Kumar\2022-q3\Microservice\BankService\BankService\src\test\resources
2023-02-17 23:35:44,776 [Worker-34: Launching BankService - BankServiceApplication] INFO  o.a.m.s.f.DefaultMavenResourcesFiltering - Copying 1 resource
2023-02-17 23:35:44,790 [Worker-34: Launching BankService - BankServiceApplication] INFO  o.a.m.s.f.DefaultMavenResourcesFiltering - Copying 0 resource
2023-02-17 23:35:44,794 [Worker-34: Launching BankService - BankServiceApplication] INFO  o.a.m.s.f.DefaultMavenResourcesFiltering - skip non existing resourceDirectory C:\Users\Babalu Kumar\2022-q3\Microservice\BankService\BankService\src\test\resources
2023-02-17 23:36:41,087 [Worker-38: Building] INFO  o.a.m.s.f.DefaultMavenResourcesFiltering - Copying 0 resource
2023-02-17 23:36:41,088 [Worker-38: Building] INFO  o.a.m.s.f.DefaultMavenResourcesFiltering - Copying 0 resource
2023-02-17 23:36:41,092 [Worker-38: Building] INFO  o.a.m.s.f.DefaultMavenResourcesFiltering - skip non existing resourceDirectory C:\Users\Babalu Kumar\2022-q3\Microservice\BankService\BankService\src\test\resources
2023-02-17 23:38:24,826 [Worker-30: Building] INFO  o.a.m.s.f.DefaultMavenResourcesFiltering - Copying 1 resource
2023-02-17 23:38:24,827 [Worker-30: Building] INFO  o.a.m.s.f.DefaultMavenResourcesFiltering - Copying 0 resource
2023-02-17 23:38:24,831 [Worker-30: Building] INFO  o.a.m.s.f.DefaultMavenResourcesFiltering - skip non existing resourceDirectory C:\Users\Babalu Kumar\2022-q3\Microservice\BankService\BankService\src\test\resources
2023-02-17 23:45:56,439 [Worker-35: Building] INFO  o.a.m.s.f.DefaultMavenResourcesFiltering - Copying 1 resource
2023-02-17 23:45:56,449 [Worker-35: Building] INFO  o.a.m.s.f.DefaultMavenResourcesFiltering - skip non existing resourceDirectory C:\Users\Babalu Kumar\2022-q3\Microservice\BankService\BankService\src\test\resources
2023-02-17 23:47:38,862 [Worker-35: Building] INFO  o.a.m.s.f.DefaultMavenResourcesFiltering - Copying 0 resource
2023-02-17 23:47:38,862 [Worker-35: Building] INFO  o.a.m.s.f.DefaultMavenResourcesFiltering - Copying 1 resource
2023-02-17 23:47:38,866 [Worker-35: Building] INFO  o.a.m.s.f.DefaultMavenResourcesFiltering - skip non existing resourceDirectory C:\Users\Babalu Kumar\2022-q3\Microservice\BankService\BankService\src\test\resources
2023-02-17 23:48:34,794 [Worker-40: Building] INFO  o.a.m.s.f.DefaultMavenResourcesFiltering - Copying 0 resource
2023-02-17 23:48:34,795 [Worker-40: Building] INFO  o.a.m.s.f.DefaultMavenResourcesFiltering - Copying 1 resource
2023-02-17 23:48:34,798 [Worker-40: Building] INFO  o.a.m.s.f.DefaultMavenResourcesFiltering - skip non existing resourceDirectory C:\Users\Babalu Kumar\2022-q3\Microservice\BankService\BankService\src\test\resources
2023-02-17 23:48:38,451 [Worker-41: Building] INFO  o.a.m.s.f.DefaultMavenResourcesFiltering - Copying 1 resource
2023-02-17 23:48:38,462 [Worker-41: Building] INFO  o.a.m.s.f.DefaultMavenResourcesFiltering - skip non existing resourceDirectory C:\Users\Babalu Kumar\2022-q3\Microservice\BankService\BankService\src\test\resources
2023-02-17 23:50:30,750 [Worker-41: Building] INFO  o.a.m.s.f.DefaultMavenResourcesFiltering - Copying 1 resource
2023-02-17 23:50:30,762 [Worker-41: Building] INFO  o.a.m.s.f.DefaultMavenResourcesFiltering - skip non existing resourceDirectory C:\Users\Babalu Kumar\2022-q3\Microservice\BankService\BankService\src\test\resources
2023-02-17 23:50:44,874 [Worker-43: Building] INFO  o.a.m.s.f.DefaultMavenResourcesFiltering - Copying 0 resource
2023-02-17 23:50:44,874 [Worker-43: Building] INFO  o.a.m.s.f.DefaultMavenResourcesFiltering - Copying 0 resource
2023-02-17 23:50:44,876 [Worker-43: Building] INFO  o.a.m.s.f.DefaultMavenResourcesFiltering - skip non existing resourceDirectory C:\Users\Babalu Kumar\2022-q3\Microservice\BankService\BankService\src\test\resources
2023-02-17 23:51:37,965 [Worker-47: Building] INFO  o.e.m.c.i.l.LifecycleMappingFactory - Using org.eclipse.m2e.jdt.JarLifecycleMapping lifecycle mapping for MavenProject: com.bankservice.mindstix:BankService:0.0.1-SNAPSHOT @ C:\Users\Babalu Kumar\2022-q3\Microservice\BankService\BankService\pom.xml.
2023-02-17 23:51:38,307 [Worker-47: Building] INFO  o.a.m.s.f.DefaultMavenResourcesFiltering - Copying 0 resource
2023-02-17 23:51:38,307 [Worker-47: Building] INFO  o.a.m.s.f.DefaultMavenResourcesFiltering - Copying 0 resource
2023-02-17 23:51:38,310 [Worker-47: Building] INFO  o.a.m.s.f.DefaultMavenResourcesFiltering - skip non existing resourceDirectory C:\Users\Babalu Kumar\2022-q3\Microservice\BankService\BankService\src\test\resources
2023-02-17 23:51:39,722 [Worker-45: Building] INFO  o.a.m.s.f.DefaultMavenResourcesFiltering - Copying 2 resources
2023-02-17 23:51:39,739 [Worker-45: Building] INFO  o.a.m.s.f.DefaultMavenResourcesFiltering - Copying 1 resource
2023-02-17 23:51:39,746 [Worker-45: Building] INFO  o.a.m.s.f.DefaultMavenResourcesFiltering - skip non existing resourceDirectory C:\Users\Babalu Kumar\2022-q3\Microservice\BankService\BankService\src\test\resources
2023-02-17 23:51:42,237 [main] INFO  o.e.m2e.actions.ExecutePomAction - Using existing launch configuration
2023-02-17 23:51:42,284 [Worker-41: Launching BankService] INFO  o.e.m.i.launch.MavenLaunchDelegate - Run build in "C:\Users\Babalu Kumar\2022-q3\Microservice\BankService\BankService":
2023-02-17 23:51:42,284 [Worker-41: Launching BankService] INFO  o.e.m.i.launch.MavenLaunchDelegate -  mvn  -Ptest -B -Dstyle.color=always test
2023-02-17 23:52:05,633 [Worker-44: Launching BankService] INFO  o.e.m.i.launch.MavenLaunchDelegate - Run build in "C:\Users\Babalu Kumar\2022-q3\Microservice\BankService\BankService":
2023-02-17 23:52:05,634 [Worker-44: Launching BankService] INFO  o.e.m.i.launch.MavenLaunchDelegate -  mvn  -Ptest -B -Dstyle.color=always test
